#
# There is insufficient memory for the Java Runtime Environment to continue.
# Native memory allocation (malloc) failed to allocate 1048576 bytes for AllocateHeap
# Possible reasons:
#   The system is out of physical RAM or swap space
#   The process is running with CompressedOops enabled, and the Java Heap may be blocking the growth of the native heap
# Possible solutions:
#   Reduce memory load on the system
#   Increase physical memory or swap space
#   Check if swap backing store is full
#   Decrease Java heap size (-Xmx/-Xms)
#   Decrease number of Java threads
#   Decrease Java thread stack sizes (-Xss)
#   Set larger code cache with -XX:ReservedCodeCacheSize=
# This output file may be truncated or incomplete.
#
#  Out of Memory Error (./open/src/hotspot/share/memory/allocation.cpp:46), pid=6092, tid=4600
#
# JRE version:  (11.0.13+10) (build )
# Java VM: Java HotSpot(TM) 64-Bit Server VM (11.0.13+10-LTS-370, mixed mode, sharing, tiered, compressed oops, g1 gc, windows-amd64)
# No core dump will be written. Minidumps are not enabled by default on client versions of Windows
#

---------------  S U M M A R Y ------------

Command Line: -Dfile.encoding=UTF-8 --module-path=D:\NetBeansProjects\Java_Quiz_Application\build\classes Quiz_Application.QuizGame

Host: Intel(R) Core(TM) i3-7020U CPU @ 2.30GHz, 4 cores, 3G,  Windows 10 , 64 bit Build 10240 (10.0.10240.17113)
Time: Sun Jan 30 14:39:43 2022 India Standard Time elapsed time: 0.116129 seconds (0d 0h 0m 0s)

---------------  T H R E A D  ---------------

Current thread (0x0000002339c62000):  JavaThread "Unknown thread" [_thread_in_vm, id=4600, stack(0x0000002339b50000,0x0000002339c50000)]

Stack: [0x0000002339b50000,0x0000002339c50000]
Native frames: (J=compiled Java code, j=interpreted, Vv=VM code, C=native code)
V  [jvm.dll+0x62870a]
V  [jvm.dll+0x761f2f]
V  [jvm.dll+0x7635d9]
V  [jvm.dll+0x763c63]
V  [jvm.dll+0x23d728]
V  [jvm.dll+0xb13b4]
V  [jvm.dll+0x2d6912]
V  [jvm.dll+0x2d0b69]
V  [jvm.dll+0x73c547]
V  [jvm.dll+0x73dddf]
V  [jvm.dll+0x346369]
V  [jvm.dll+0x721e60]
V  [jvm.dll+0x3b500f]
V  [jvm.dll+0x3b7121]
C  [jli.dll+0x5207]
C  [ucrtbase.dll+0x6829d]
C  [KERNEL32.DLL+0x12d92]
C  [ntdll.dll+0x9f64]


---------------  P R O C E S S  ---------------

Threads class SMR info:
_java_thread_list=0x000000233803c060, length=0, elements={
}

Java Threads: ( => current thread )

Other Threads:
  0x0000002339c78800 GCTaskThread "GC Thread#0" [stack: 0x00000023504b0000,0x00000023505b0000] [id=13024]

[error occurred during error reporting (printing all threads), id 0xc0000005, EXCEPTION_ACCESS_VIOLATION (0xc0000005) at pc=0x00007ffbee88bed0]

VM state:not at safepoint (not fully initialized)

VM Mutex/Monitor currently owned by a thread:  ([mutex/lock_event])
[0x0000002339c60d90] Heap_lock - owner thread: 0x0000002339c62000

Heap address: 0x00000000c3800000, size: 968 MB, Compressed Oops mode: Non-zero based: 0x00000000c3800000
Narrow klass base: 0x0000000000000000, Narrow klass shift: 0

GC Heap History (0 events):
No events

Deoptimization events (0 events):
No events

Classes redefined (0 events):
No events

Internal exceptions (0 events):
No events

Events (0 events):
No events


Dynamic libraries:
0x00007ff746670000 - 0x00007ff74667f000 	C:\Program Files\Java\jdk-11.0.13\bin\java.exe
0x00007ffc2bf00000 - 0x00007ffc2c0c2000 	C:\Windows\SYSTEM32\ntdll.dll
0x00007ffc2ae60000 - 0x00007ffc2af0d000 	C:\Windows\system32\KERNEL32.DLL
0x00007ffc05960000 - 0x00007ffc05976000 	C:\Program Files\AVAST Software\Avast\aswhook.dll
0x00007ffc293e0000 - 0x00007ffc295bd000 	C:\Windows\system32\KERNELBASE.dll
0x00007ffc13960000 - 0x00007ffc13978000 	C:\Program Files\Java\jdk-11.0.13\bin\jli.dll
0x00007ffc1f030000 - 0x00007ffc1f045000 	C:\Program Files\Java\jdk-11.0.13\bin\VCRUNTIME140.dll
0x00007ffc2b490000 - 0x00007ffc2b536000 	C:\Windows\system32\ADVAPI32.dll
0x00007ffc2af70000 - 0x00007ffc2b00d000 	C:\Windows\system32\msvcrt.dll
0x00007ffc226f0000 - 0x00007ffc227e2000 	C:\Windows\SYSTEM32\ucrtbase.dll
0x00007ffc2b900000 - 0x00007ffc2b95b000 	C:\Windows\system32\sechost.dll
0x00007ffc2b700000 - 0x00007ffc2b826000 	C:\Windows\system32\RPCRT4.dll
0x00007ffc2ac50000 - 0x00007ffc2ad9e000 	C:\Windows\system32\USER32.dll
0x00007ffc20380000 - 0x00007ffc205f4000 	C:\Windows\WinSxS\amd64_microsoft.windows.common-controls_6595b64144ccf1df_6.0.10240.17184_none_f41d7a705752bce6\COMCTL32.dll
0x00007ffc2b070000 - 0x00007ffc2b1f3000 	C:\Windows\system32\GDI32.dll
0x00007ffc25fb0000 - 0x00007ffc25fba000 	C:\Windows\SYSTEM32\VERSION.dll
0x00007ffc2bdc0000 - 0x00007ffc2bdf6000 	C:\Windows\system32\IMM32.DLL
0x00007ffc2aaf0000 - 0x00007ffc2ac4c000 	C:\Windows\system32\MSCTF.dll
0x00007ffc02270000 - 0x00007ffc0230b000 	C:\Program Files\Java\jdk-11.0.13\bin\msvcp140.dll
0x00007ffbee5b0000 - 0x00007ffbef0c3000 	C:\Program Files\Java\jdk-11.0.13\bin\server\jvm.dll
0x00007ffc2b480000 - 0x00007ffc2b488000 	C:\Windows\system32\PSAPI.DLL
0x00007ffc1f2f0000 - 0x00007ffc1f2f9000 	C:\Windows\SYSTEM32\WSOCK32.dll
0x00007ffc2bb70000 - 0x00007ffc2bbd9000 	C:\Windows\system32\WS2_32.dll
0x00007ffc2bbe0000 - 0x00007ffc2bbe8000 	C:\Windows\system32\NSI.dll
0x00007ffc26fc0000 - 0x00007ffc26fe3000 	C:\Windows\SYSTEM32\WINMM.dll
0x00007ffc26b90000 - 0x00007ffc26bbc000 	C:\Windows\SYSTEM32\WINMMBASE.dll
0x00007ffc292d0000 - 0x00007ffc29314000 	C:\Windows\system32\cfgmgr32.dll
0x00007ffc272a0000 - 0x00007ffc272c7000 	C:\Windows\SYSTEM32\DEVOBJ.dll
0x00007ffc289b0000 - 0x00007ffc289bf000 	C:\Windows\system32\kernel.appcore.dll
0x00007ffc19510000 - 0x00007ffc19520000 	C:\Program Files\Java\jdk-11.0.13\bin\verify.dll
0x00007ffc25a80000 - 0x00007ffc25c0a000 	C:\Windows\SYSTEM32\DBGHELP.DLL
0x00007ffc22c90000 - 0x00007ffc22cb5000 	C:\Windows\SYSTEM32\dbgcore.DLL
0x00007ffc089a0000 - 0x00007ffc089c8000 	C:\Program Files\Java\jdk-11.0.13\bin\java.dll
0x00007ffc0e7d0000 - 0x00007ffc0e7da000 	C:\Program Files\Java\jdk-11.0.13\bin\jimage.dll
0x00007ffc08a90000 - 0x00007ffc08aa6000 	C:\Program Files\Java\jdk-11.0.13\bin\zip.dll

dbghelp: loaded successfully - version: 4.0.5 - missing functions: none
symbol engine: initialized successfully - sym options: 0x614 - pdb path: .;C:\Program Files\Java\jdk-11.0.13\bin;C:\Windows\SYSTEM32;C:\Program Files\AVAST Software\Avast;C:\Windows\WinSxS\amd64_microsoft.windows.common-controls_6595b64144ccf1df_6.0.10240.17184_none_f41d7a705752bce6;C:\Program Files\Java\jdk-11.0.13\bin\server

VM Arguments:
jvm_args: -Dfile.encoding=UTF-8 --module-path=D:\NetBeansProjects\Java_Quiz_Application\build\classes 
java_command: Quiz_Application.QuizGame
java_class_path (initial): C:\Users\DELL\Downloads\rs2xml.jar;C:\Users\DELL\Downloads\mysql-connector-java-8.0.26.jar;D:\NetBeansProjects\Java_Quiz_Application\build\classes
Launcher Type: SUN_STANDARD

[Global flags]
     intx CICompilerCount                          = 3                                         {product} {ergonomic}
     uint ConcGCThreads                            = 1                                         {product} {ergonomic}
     uint G1ConcRefinementThreads                  = 4                                         {product} {ergonomic}
   size_t G1HeapRegionSize                         = 1048576                                   {product} {ergonomic}
    uintx GCDrainStackTargetSize                   = 64                                        {product} {ergonomic}
   size_t InitialHeapSize                          = 65011712                                  {product} {ergonomic}
   size_t MarkStackSize                            = 4194304                                   {product} {ergonomic}
   size_t MaxHeapSize                              = 1015021568                                {product} {ergonomic}
   size_t MinHeapDeltaBytes                        = 1048576                                   {product} {ergonomic}
    uintx NonNMethodCodeHeapSize                   = 5830732                                {pd product} {ergonomic}
    uintx NonProfiledCodeHeapSize                  = 122913754                              {pd product} {ergonomic}
    uintx ProfiledCodeHeapSize                     = 122913754                              {pd product} {ergonomic}
    uintx ReservedCodeCacheSize                    = 251658240                              {pd product} {ergonomic}
     bool SegmentedCodeCache                       = true                                      {product} {ergonomic}
     bool UseCompressedClassPointers               = true                                 {lp64_product} {ergonomic}
     bool UseCompressedOops                        = true                                 {lp64_product} {ergonomic}
     bool UseG1GC                                  = true                                      {product} {ergonomic}
     bool UseLargePagesIndividualAllocation        = false                                  {pd product} {ergonomic}

Logging:
Log output configuration:
 #0: stdout all=warning uptime,level,tags
 #1: stderr all=off uptime,level,tags

Environment Variables:
CLASSPATH=C:\Program Files\MySQL\mysql-connector-java-5.1.49
PATH=C:\Program Files\MySQL\MySQL Server 8.0\bin;D:\Git\cmd;C:\Program Files\dotnet\;C:\Program Files\MySQL\MySQL Shell 8.0\bin\;C:\Users\DELL\.dotnet\tools
USERNAME=PaRas
OS=Windows_NT
PROCESSOR_IDENTIFIER=Intel64 Family 6 Model 142 Stepping 9, GenuineIntel



---------------  S Y S T E M  ---------------

OS: Windows 10 , 64 bit Build 10240 (10.0.10240.17113)

CPU:total 4 (initial active 4) (2 cores per cpu, 2 threads per core) family 6 model 142 stepping 9 microcode 0x8e, cmov, cx8, fxsr, mmx, sse, sse2, sse3, ssse3, sse4.1, sse4.2, popcnt, avx, avx2, aes, clmul, erms, 3dnowpref, lzcnt, ht, tsc, tscinvbit, bmi1, bmi2, adx, fma

Memory: 4k page, system-wide physical 3871M (361M free)
TotalPageFile size 15647M (AvailPageFile size 4M)
current process WorkingSet (physical memory assigned to process): 9M, peak: 9M
current process commit charge ("private bytes"): 47M, peak: 48M

vm_info: Java HotSpot(TM) 64-Bit Server VM (11.0.13+10-LTS-370) for windows-amd64 JRE (11.0.13+10-LTS-370), built on Sep 15 2021 22:10:36 by "mach5one" with MS VC++ 15.9 (VS2017)

END.
